Temp/gradleOut/build/outputs/logs/manifest-merger-release-report.txt
-- Merging decision tree log ---
manifest
ADDED from src/main/AndroidManifest.xml:2:1-23:12
INJECTED from src/main/AndroidManifest.xml:2:1-23:12
INJECTED from src/main/AndroidManifest.xml:2:1-23:12
INJECTED from src/main/AndroidManifest.xml:2:1-23:12
MERGED from [:BoseWearableBridge:] AndroidManifest.xml:2:1-14:12
MERGED from [:blecore:] AndroidManifest.xml:2:1-19:12
MERGED from [:bosewearable:] AndroidManifest.xml:2:1-13:12
MERGED from [:core-1.1.0:] AndroidManifest.xml:17:1-26:12
MERGED from [:localbroadcastmanager-1.0.0:] AndroidManifest.xml:17:1-22:12
MERGED from [:play-services-basement-16.0.1:] AndroidManifest.xml:17:1-28:12
MERGED from [:play-services-tasks-16.0.1:] AndroidManifest.xml:2:1-9:12
MERGED from [:support-core-ui-26.1.0:] AndroidManifest.xml:17:1-31:12
MERGED from [:support-core-utils-26.1.0:] AndroidManifest.xml:17:1-31:12
INJECTED from src/main/AndroidManifest.xml:2:1-23:12
INJECTED from src/main/AndroidManifest.xml:2:1-23:12
INJECTED from src/main/AndroidManifest.xml:2:1-23:12
	package
		ADDED from src/main/AndroidManifest.xml:2:70-107
		INJECTED from src/main/AndroidManifest.xml
		INJECTED from src/main/AndroidManifest.xml
	android:versionName
		INJECTED from src/main/AndroidManifest.xml
		ADDED from src/main/AndroidManifest.xml:2:1-23:12
		INJECTED from src/main/AndroidManifest.xml
	xmlns:tools
		ADDED from src/main/AndroidManifest.xml:2:108-154
	android:versionCode
		INJECTED from src/main/AndroidManifest.xml
		ADDED from src/main/AndroidManifest.xml:2:1-23:12
		INJECTED from src/main/AndroidManifest.xml
	xmlns:android
		ADDED from src/main/AndroidManifest.xml:2:11-69
	android:installLocation
		ADDED from src/main/AndroidManifest.xml:2:155-195
supports-screens
ADDED from src/main/AndroidManifest.xml:3:3-163
	android:largeScreens
		ADDED from src/main/AndroidManifest.xml:3:78-105
	android:smallScreens
		ADDED from src/main/AndroidManifest.xml:3:21-48
	android:normalScreens
		ADDED from src/main/AndroidManifest.xml:3:49-77
	android:xlargeScreens
		ADDED from src/main/AndroidManifest.xml:3:106-134
	android:anyDensity
		ADDED from src/main/AndroidManifest.xml:3:135-160
application
ADDED from src/main/AndroidManifest.xml:4:3-16:17
MERGED from [:core-1.1.0:] AndroidManifest.xml:24:5-89
MERGED from [:core-1.1.0:] AndroidManifest.xml:24:5-89
MERGED from [:play-services-basement-16.0.1:] AndroidManifest.xml:22:5-26:19
MERGED from [:play-services-basement-16.0.1:] AndroidManifest.xml:22:5-26:19
MERGED from [:play-services-tasks-16.0.1:] AndroidManifest.xml:7:5-20
MERGED from [:play-services-tasks-16.0.1:] AndroidManifest.xml:7:5-20
MERGED from [:support-core-ui-26.1.0:] AndroidManifest.xml:25:5-29:19
MERGED from [:support-core-ui-26.1.0:] AndroidManifest.xml:25:5-29:19
MERGED from [:support-core-utils-26.1.0:] AndroidManifest.xml:25:5-29:19
MERGED from [:support-core-utils-26.1.0:] AndroidManifest.xml:25:5-29:19
	android:appComponentFactory
		ADDED from [:core-1.1.0:] AndroidManifest.xml:24:18-86
	android:label
		ADDED from src/main/AndroidManifest.xml:4:90-122
	android:icon
		ADDED from src/main/AndroidManifest.xml:4:58-89
	android:banner
		ADDED from src/main/AndroidManifest.xml:4:145-182
	android:theme
		ADDED from src/main/AndroidManifest.xml:4:16-57
	android:isGame
		ADDED from src/main/AndroidManifest.xml:4:123-144
activity#com.unity3d.player.UnityPlayerActivity
ADDED from src/main/AndroidManifest.xml:5:5-12:16
	android:screenOrientation
		ADDED from src/main/AndroidManifest.xml:5:102-140
	android:label
		ADDED from src/main/AndroidManifest.xml:5:69-101
	android:launchMode
		ADDED from src/main/AndroidManifest.xml:5:141-172
	android:hardwareAccelerated
		ADDED from src/main/AndroidManifest.xml:5:355-390
	android:configChanges
		ADDED from src/main/AndroidManifest.xml:5:173-354
	android:name
		ADDED from src/main/AndroidManifest.xml:5:15-68
intent-filter#android.intent.action.MAIN+android.intent.category.LAUNCHER+android.intent.category.LEANBACK_LAUNCHER
ADDED from src/main/AndroidManifest.xml:6:7-10:23
action#android.intent.action.MAIN
ADDED from src/main/AndroidManifest.xml:7:9-61
	android:name
		ADDED from src/main/AndroidManifest.xml:7:17-58
category#android.intent.category.LAUNCHER
ADDED from src/main/AndroidManifest.xml:8:9-69
	android:name
		ADDED from src/main/AndroidManifest.xml:8:19-66
category#android.intent.category.LEANBACK_LAUNCHER
ADDED from src/main/AndroidManifest.xml:9:9-78
	android:name
		ADDED from src/main/AndroidManifest.xml:9:19-75
meta-data#unityplayer.UnityActivity
ADDED from src/main/AndroidManifest.xml:11:7-82
	android:value
		ADDED from src/main/AndroidManifest.xml:11:59-79
	android:name
		ADDED from src/main/AndroidManifest.xml:11:18-58
meta-data#unity.build-id
ADDED from src/main/AndroidManifest.xml:13:5-101
	android:value
		ADDED from src/main/AndroidManifest.xml:13:46-98
	android:name
		ADDED from src/main/AndroidManifest.xml:13:16-45
meta-data#unity.splash-mode
ADDED from src/main/AndroidManifest.xml:14:5-69
	android:value
		ADDED from src/main/AndroidManifest.xml:14:49-66
	android:name
		ADDED from src/main/AndroidManifest.xml:14:16-48
meta-data#unity.splash-enable
ADDED from src/main/AndroidManifest.xml:15:5-74
	android:value
		ADDED from src/main/AndroidManifest.xml:15:51-71
	android:name
		ADDED from src/main/AndroidManifest.xml:15:16-50
uses-feature#0x00020000
ADDED from src/main/AndroidManifest.xml:17:3-52
	android:glEsVersion
		ADDED from src/main/AndroidManifest.xml:17:17-49
uses-permission#android.permission.INTERNET
ADDED from src/main/AndroidManifest.xml:18:3-65
MERGED from [:bosewearable:] AndroidManifest.xml:11:5-67
MERGED from [:bosewearable:] AndroidManifest.xml:11:5-67
	android:name
		ADDED from src/main/AndroidManifest.xml:18:20-62
uses-feature#android.hardware.sensor.accelerometer
ADDED from src/main/AndroidManifest.xml:19:3-97
	android:required
		ADDED from src/main/AndroidManifest.xml:19:70-94
	android:name
		ADDED from src/main/AndroidManifest.xml:19:17-69
uses-feature#android.hardware.touchscreen
ADDED from src/main/AndroidManifest.xml:20:3-88
	android:required
		ADDED from src/main/AndroidManifest.xml:20:61-85
	android:name
		ADDED from src/main/AndroidManifest.xml:20:17-60
uses-feature#android.hardware.touchscreen.multitouch
ADDED from src/main/AndroidManifest.xml:21:3-99
	android:required
		ADDED from src/main/AndroidManifest.xml:21:72-96
	android:name
		ADDED from src/main/AndroidManifest.xml:21:17-71
uses-feature#android.hardware.touchscreen.multitouch.distinct
ADDED from src/main/AndroidManifest.xml:22:3-108
	android:required
		ADDED from src/main/AndroidManifest.xml:22:81-105
	android:name
		ADDED from src/main/AndroidManifest.xml:22:17-80
uses-sdk
INJECTED from src/main/AndroidManifest.xml reason: use-sdk injection requested
INJECTED from src/main/AndroidManifest.xml
INJECTED from src/main/AndroidManifest.xml
MERGED from [:BoseWearableBridge:] AndroidManifest.xml:7:5-9:41
MERGED from [:BoseWearableBridge:] AndroidManifest.xml:7:5-9:41
MERGED from [:blecore:] AndroidManifest.xml:7:5-9:41
MERGED from [:blecore:] AndroidManifest.xml:7:5-9:41
MERGED from [:bosewearable:] AndroidManifest.xml:7:5-9:41
MERGED from [:bosewearable:] AndroidManifest.xml:7:5-9:41
MERGED from [:core-1.1.0:] AndroidManifest.xml:20:5-22:41
MERGED from [:core-1.1.0:] AndroidManifest.xml:20:5-22:41
MERGED from [:localbroadcastmanager-1.0.0:] AndroidManifest.xml:20:5-44
MERGED from [:localbroadcastmanager-1.0.0:] AndroidManifest.xml:20:5-44
MERGED from [:play-services-basement-16.0.1:] AndroidManifest.xml:20:5-44
MERGED from [:play-services-basement-16.0.1:] AndroidManifest.xml:20:5-44
MERGED from [:play-services-tasks-16.0.1:] AndroidManifest.xml:5:5-44
MERGED from [:play-services-tasks-16.0.1:] AndroidManifest.xml:5:5-44
MERGED from [:support-core-ui-26.1.0:] AndroidManifest.xml:21:5-23:58
MERGED from [:support-core-ui-26.1.0:] AndroidManifest.xml:21:5-23:58
MERGED from [:support-core-utils-26.1.0:] AndroidManifest.xml:21:5-23:61
MERGED from [:support-core-utils-26.1.0:] AndroidManifest.xml:21:5-23:61
INJECTED from src/main/AndroidManifest.xml
INJECTED from src/main/AndroidManifest.xml
	tools:overrideLibrary
		ADDED from [:support-core-ui-26.1.0:] AndroidManifest.xml:23:9-55
	android:targetSdkVersion
		INJECTED from src/main/AndroidManifest.xml
		ADDED from src/main/AndroidManifest.xml
		INJECTED from src/main/AndroidManifest.xml
	android:minSdkVersion
		INJECTED from src/main/AndroidManifest.xml
		ADDED from src/main/AndroidManifest.xml
		INJECTED from src/main/AndroidManifest.xml
uses-permission#android.permission.BLUETOOTH
ADDED from [:BoseWearableBridge:] AndroidManifest.xml:11:5-68
MERGED from [:blecore:] AndroidManifest.xml:11:5-68
MERGED from [:blecore:] AndroidManifest.xml:11:5-68
	android:name
		ADDED from [:BoseWearableBridge:] AndroidManifest.xml:11:22-65
uses-permission#android.permission.ACCESS_COARSE_LOCATION
ADDED from [:BoseWearableBridge:] AndroidManifest.xml:12:5-81
	android:name
		ADDED from [:BoseWearableBridge:] AndroidManifest.xml:12:22-78
uses-permission#android.permission.BLUETOOTH_ADMIN
ADDED from [:blecore:] AndroidManifest.xml:12:5-74
	android:name
		ADDED from [:blecore:] AndroidManifest.xml:12:22-71
uses-permission#android.permission.ACCESS_FINE_LOCATION
ADDED from [:blecore:] AndroidManifest.xml:13:5-79
	android:name
		ADDED from [:blecore:] AndroidManifest.xml:13:22-76
uses-feature#android.hardware.bluetooth_le
ADDED from [:blecore:] AndroidManifest.xml:15:5-17:35
	android:required
		ADDED from [:blecore:] AndroidManifest.xml:17:9-32
	android:name
		ADDED from [:blecore:] AndroidManifest.xml:16:9-53
meta-data#com.google.android.gms.version
ADDED from [:play-services-basement-16.0.1:] AndroidManifest.xml:23:9-25:69
	android:value
		ADDED from [:play-services-basement-16.0.1:] AndroidManifest.xml:25:13-66
	android:name
		ADDED from [:play-services-basement-16.0.1:] AndroidManifest.xml:24:13-58
meta-data#android.support.VERSION
ADDED from [:support-core-ui-26.1.0:] AndroidManifest.xml:26:9-28:38
MERGED from [:support-core-utils-26.1.0:] AndroidManifest.xml:26:9-28:38
MERGED from [:support-core-utils-26.1.0:] AndroidManifest.xml:26:9-28:38
	android:value
		ADDED from [:support-core-ui-26.1.0:] AndroidManifest.xml:28:13-35
	android:name
		ADDED from [:support-core-ui-26.1.0:] AndroidManifest.xml:27:13-51